0 info it worked if it ends with ok
1 verbose cli [ '/usr/local/Cellar/node/0.10.24/bin/node',
1 verbose cli   '/usr/local/bin/npm',
1 verbose cli   'publish' ]
2 info using npm@1.3.21
3 info using node@v0.10.24
4 verbose publish [ '.' ]
5 verbose cache add [ '.', null ]
6 verbose cache add name=undefined spec="." args=[".",null]
7 verbose parsed url { protocol: null,
7 verbose parsed url   slashes: null,
7 verbose parsed url   auth: null,
7 verbose parsed url   host: null,
7 verbose parsed url   port: null,
7 verbose parsed url   hostname: null,
7 verbose parsed url   hash: null,
7 verbose parsed url   search: null,
7 verbose parsed url   query: null,
7 verbose parsed url   pathname: '.',
7 verbose parsed url   path: '.',
7 verbose parsed url   href: '.' }
8 silly lockFile 3a52ce78- .
9 verbose lock . /Users/jamesjwood/.npm/3a52ce78-.lock
10 verbose tar pack [ '/var/folders/xy/ybjpfc092x115y1pn1b_mp9m0000gn/T/npm-12577-RINA4zBr/1390557341600-0.7518161034677178/tmp.tgz',
10 verbose tar pack   '.' ]
11 verbose tarball /var/folders/xy/ybjpfc092x115y1pn1b_mp9m0000gn/T/npm-12577-RINA4zBr/1390557341600-0.7518161034677178/tmp.tgz
12 verbose folder .
13 info prepublish tsuju-inliner@0.1.14
14 silly lockFile 1f1177db-tar tar://.
15 verbose lock tar://. /Users/jamesjwood/.npm/1f1177db-tar.lock
16 silly lockFile 0575b7f6-41600-0-7518161034677178-tmp-tgz tar:///var/folders/xy/ybjpfc092x115y1pn1b_mp9m0000gn/T/npm-12577-RINA4zBr/1390557341600-0.7518161034677178/tmp.tgz
17 verbose lock tar:///var/folders/xy/ybjpfc092x115y1pn1b_mp9m0000gn/T/npm-12577-RINA4zBr/1390557341600-0.7518161034677178/tmp.tgz /Users/jamesjwood/.npm/0575b7f6-41600-0-7518161034677178-tmp-tgz.lock
18 silly lockFile 1f1177db-tar tar://.
19 silly lockFile 1f1177db-tar tar://.
20 silly lockFile 0575b7f6-41600-0-7518161034677178-tmp-tgz tar:///var/folders/xy/ybjpfc092x115y1pn1b_mp9m0000gn/T/npm-12577-RINA4zBr/1390557341600-0.7518161034677178/tmp.tgz
21 silly lockFile 0575b7f6-41600-0-7518161034677178-tmp-tgz tar:///var/folders/xy/ybjpfc092x115y1pn1b_mp9m0000gn/T/npm-12577-RINA4zBr/1390557341600-0.7518161034677178/tmp.tgz
22 verbose tar unpack /var/folders/xy/ybjpfc092x115y1pn1b_mp9m0000gn/T/npm-12577-RINA4zBr/1390557341600-0.7518161034677178/tmp.tgz
23 silly lockFile ddf3c243-41600-0-7518161034677178-package tar:///var/folders/xy/ybjpfc092x115y1pn1b_mp9m0000gn/T/npm-12577-RINA4zBr/1390557341600-0.7518161034677178/package
24 verbose lock tar:///var/folders/xy/ybjpfc092x115y1pn1b_mp9m0000gn/T/npm-12577-RINA4zBr/1390557341600-0.7518161034677178/package /Users/jamesjwood/.npm/ddf3c243-41600-0-7518161034677178-package.lock
25 silly lockFile 0575b7f6-41600-0-7518161034677178-tmp-tgz tar:///var/folders/xy/ybjpfc092x115y1pn1b_mp9m0000gn/T/npm-12577-RINA4zBr/1390557341600-0.7518161034677178/tmp.tgz
26 verbose lock tar:///var/folders/xy/ybjpfc092x115y1pn1b_mp9m0000gn/T/npm-12577-RINA4zBr/1390557341600-0.7518161034677178/tmp.tgz /Users/jamesjwood/.npm/0575b7f6-41600-0-7518161034677178-tmp-tgz.lock
27 silly gunzTarPerm modes [ '755', '644' ]
28 silly gunzTarPerm extractEntry package.json
29 silly gunzTarPerm extractEntry .npmignore
30 silly gunzTarPerm extractEntry README.md
31 silly gunzTarPerm extractEntry inliner.js
32 silly gunzTarPerm extractEntry jquery.min.js
33 silly gunzTarPerm extractEntry .gitmodules
34 silly gunzTarPerm extractEntry MIT-LICENSE.TXT
35 silly gunzTarPerm extractEntry bin/inliner
36 silly gunzTarPerm modified mode [ 'bin/inliner', 510, 492 ]
37 silly lockFile ddf3c243-41600-0-7518161034677178-package tar:///var/folders/xy/ybjpfc092x115y1pn1b_mp9m0000gn/T/npm-12577-RINA4zBr/1390557341600-0.7518161034677178/package
38 silly lockFile ddf3c243-41600-0-7518161034677178-package tar:///var/folders/xy/ybjpfc092x115y1pn1b_mp9m0000gn/T/npm-12577-RINA4zBr/1390557341600-0.7518161034677178/package
39 silly lockFile 0575b7f6-41600-0-7518161034677178-tmp-tgz tar:///var/folders/xy/ybjpfc092x115y1pn1b_mp9m0000gn/T/npm-12577-RINA4zBr/1390557341600-0.7518161034677178/tmp.tgz
40 silly lockFile 0575b7f6-41600-0-7518161034677178-tmp-tgz tar:///var/folders/xy/ybjpfc092x115y1pn1b_mp9m0000gn/T/npm-12577-RINA4zBr/1390557341600-0.7518161034677178/tmp.tgz
41 verbose tar pack [ '/Users/jamesjwood/.npm/tsuju-inliner/0.1.14/package.tgz',
41 verbose tar pack   '/var/folders/xy/ybjpfc092x115y1pn1b_mp9m0000gn/T/npm-12577-RINA4zBr/1390557341600-0.7518161034677178/package' ]
42 verbose tarball /Users/jamesjwood/.npm/tsuju-inliner/0.1.14/package.tgz
43 verbose folder /var/folders/xy/ybjpfc092x115y1pn1b_mp9m0000gn/T/npm-12577-RINA4zBr/1390557341600-0.7518161034677178/package
44 silly lockFile ddf3c243-41600-0-7518161034677178-package tar:///var/folders/xy/ybjpfc092x115y1pn1b_mp9m0000gn/T/npm-12577-RINA4zBr/1390557341600-0.7518161034677178/package
45 verbose lock tar:///var/folders/xy/ybjpfc092x115y1pn1b_mp9m0000gn/T/npm-12577-RINA4zBr/1390557341600-0.7518161034677178/package /Users/jamesjwood/.npm/ddf3c243-41600-0-7518161034677178-package.lock
46 silly lockFile 7c05f97b-tsuju-inliner-0-1-14-package-tgz tar:///Users/jamesjwood/.npm/tsuju-inliner/0.1.14/package.tgz
47 verbose lock tar:///Users/jamesjwood/.npm/tsuju-inliner/0.1.14/package.tgz /Users/jamesjwood/.npm/7c05f97b-tsuju-inliner-0-1-14-package-tgz.lock
48 silly lockFile ddf3c243-41600-0-7518161034677178-package tar:///var/folders/xy/ybjpfc092x115y1pn1b_mp9m0000gn/T/npm-12577-RINA4zBr/1390557341600-0.7518161034677178/package
49 silly lockFile ddf3c243-41600-0-7518161034677178-package tar:///var/folders/xy/ybjpfc092x115y1pn1b_mp9m0000gn/T/npm-12577-RINA4zBr/1390557341600-0.7518161034677178/package
50 silly lockFile 7c05f97b-tsuju-inliner-0-1-14-package-tgz tar:///Users/jamesjwood/.npm/tsuju-inliner/0.1.14/package.tgz
51 silly lockFile 7c05f97b-tsuju-inliner-0-1-14-package-tgz tar:///Users/jamesjwood/.npm/tsuju-inliner/0.1.14/package.tgz
52 silly lockFile 24589b4d-npm-tsuju-inliner-0-1-14-package /Users/jamesjwood/.npm/tsuju-inliner/0.1.14/package
53 verbose lock /Users/jamesjwood/.npm/tsuju-inliner/0.1.14/package /Users/jamesjwood/.npm/24589b4d-npm-tsuju-inliner-0-1-14-package.lock
54 silly lockFile 24589b4d-npm-tsuju-inliner-0-1-14-package /Users/jamesjwood/.npm/tsuju-inliner/0.1.14/package
55 silly lockFile 24589b4d-npm-tsuju-inliner-0-1-14-package /Users/jamesjwood/.npm/tsuju-inliner/0.1.14/package
56 verbose tar unpack /Users/jamesjwood/.npm/tsuju-inliner/0.1.14/package.tgz
57 silly lockFile 1b346dbb-npm-tsuju-inliner-0-1-14-package tar:///Users/jamesjwood/.npm/tsuju-inliner/0.1.14/package
58 verbose lock tar:///Users/jamesjwood/.npm/tsuju-inliner/0.1.14/package /Users/jamesjwood/.npm/1b346dbb-npm-tsuju-inliner-0-1-14-package.lock
59 silly lockFile 7c05f97b-tsuju-inliner-0-1-14-package-tgz tar:///Users/jamesjwood/.npm/tsuju-inliner/0.1.14/package.tgz
60 verbose lock tar:///Users/jamesjwood/.npm/tsuju-inliner/0.1.14/package.tgz /Users/jamesjwood/.npm/7c05f97b-tsuju-inliner-0-1-14-package-tgz.lock
61 silly gunzTarPerm modes [ '755', '644' ]
62 silly gunzTarPerm extractEntry package.json
63 silly gunzTarPerm extractEntry .npmignore
64 silly gunzTarPerm extractEntry README.md
65 silly gunzTarPerm extractEntry inliner.js
66 silly gunzTarPerm extractEntry jquery.min.js
67 silly gunzTarPerm extractEntry .gitmodules
68 silly gunzTarPerm extractEntry MIT-LICENSE.TXT
69 silly gunzTarPerm extractEntry bin/inliner
70 silly lockFile 1b346dbb-npm-tsuju-inliner-0-1-14-package tar:///Users/jamesjwood/.npm/tsuju-inliner/0.1.14/package
71 silly lockFile 1b346dbb-npm-tsuju-inliner-0-1-14-package tar:///Users/jamesjwood/.npm/tsuju-inliner/0.1.14/package
72 silly lockFile 7c05f97b-tsuju-inliner-0-1-14-package-tgz tar:///Users/jamesjwood/.npm/tsuju-inliner/0.1.14/package.tgz
73 silly lockFile 7c05f97b-tsuju-inliner-0-1-14-package-tgz tar:///Users/jamesjwood/.npm/tsuju-inliner/0.1.14/package.tgz
74 verbose chmod /Users/jamesjwood/.npm/tsuju-inliner/0.1.14/package.tgz 644
75 verbose chown /Users/jamesjwood/.npm/tsuju-inliner/0.1.14/package.tgz [ 501, 20 ]
76 silly lockFile 3a52ce78- .
77 silly lockFile 3a52ce78- .
78 silly publish { name: 'tsuju-inliner',
78 silly publish   version: '0.1.14',
78 silly publish   description: 'Utility to inline images, CSS and JavaScript for a web page - useful for mobile sites - branched from remy sharp',
78 silly publish   homepage: 'http://github.com/remy/inliner',
78 silly publish   main: 'inliner',
78 silly publish   keywords: [ 'mobile', 'inline', 'production', 'build', 'minify' ],
78 silly publish   author:
78 silly publish    { name: 'James Wood - branched from Remy Sharp',
78 silly publish      url: 'http://github.com/remy' },
78 silly publish   dependencies:
78 silly publish    { jsdom: '0.6.5',
78 silly publish      'uglify-js': '1.2.2',
78 silly publish      commander: '0.5.1',
78 silly publish      jsmin: '1.0.1' },
78 silly publish   repository: { type: 'git', url: 'git://github.com/jamesjwood/inliner.git' },
78 silly publish   bin: { inliner: 'bin/inliner' },
78 silly publish   readme: '# Inliner\n\nTurns your web page to a single HTML file with everything inlined - perfect for appcache manifests on mobile devices that you want to reduce those http requests.\n\n## What it does\n\n- Get a list of all the assets required to drive the page: CSS, JavaScript, images and images used in CSS\n- Minify JavaScript (via [uglify-js](https://github.com/mishoo/UglifyJS "mishoo/UglifyJS - GitHub"))\n- Strips white from CSS\n- Base64 encode images\n- Puts everything back together as a single HTML file with a simplfied doctype\n\n## Installation\n\nCheck out a working copy of the source code with [Git](http://git-scm.com), or install `inliner` via [npm](http://npmjs.org) (the recommended way). The latter will also install `inliner` into the system\'s `bin` path.\n\n    $ npm install inliner -g\n    \nOr\n    \n    $ git clone https://github.com/remy/inliner.git\n    \n`inliner` uses a `package.json` to describe the dependancies, and if you install via a github clone, ensure you run `npm install` from the `inliner` directory to install the dependancies (or manually install [jsdom](https://github.com/tmpvar/jsdom "tmpvar/jsdom - GitHub") and [uglify-js](https://github.com/mishoo/UglifyJS "mishoo/UglifyJS - GitHub")).\n\n## Usage\n\nIf you have either installed via npm or put the inliner bin directory in your path, then you can use inliner via the command line as per:\n\n    inliner http://remysharp.com\n\nThis will output the inlined markup with default options. You can see more options on how to disable compression or how not to base64 encode images using the help:\n\n    inliner --help\n\nTo use inline inside your own script:\n\n    var Inliner = require(\'inliner\');\n\n    new Inliner(\'http://remysharp.com\', function (html) {\n      // compressed and inlined HTML page\n      console.log(html);\n    });\n    \nOr:\n    \n    var inliner = new Inliner(\'http://remysharp.com\');\n    \n    inliner.on(\'progress\', function (event) {\n      console.error(event);\n    }).on(\'end\', function (html) {\n      // compressed and inlined HTML page\n      console.log(html);      \n    });\n\nNote that if you include the inliner script via a git submodule, it requires jsdom & uglifyjs to be installed via `npm install jsdom uglify-js`, otherwise you should be good to run.\n\nOnce you\'ve inlined the crap out of the page, add the `manifest="self.appcache"` to the `html` tag and create an empty file called self.appcache ([read more](http://remysharp.com/2011/01/31/simple-offline-application/)).\n\n## Support\n\n- Collapses all white space in HTML (except inside `<pre>` elements)\n- Strips all HTML comments\n- Pulls JavaScript and CSS inline to HTML\n- Compresses JavaScript via uglify (if not compressed already)\n- Converts all images to based64 data urls, both inline images and CSS images\n- Imports all @import rules from CSS (recusively)\n- Applies media query rules (for print, tv, etc media types)\n- Leaves conditional comments in place\n- If JavaScript can\'t be imported (or is Google Analytics), source is not put inline\n\n## Limitations / Caveats\n\n- Whitespace compression might get a little heavy handed - all whitespace is collapsed from n spaces to one space.\n  ',
78 silly publish   readmeFilename: 'README.md',
78 silly publish   bugs: { url: 'https://github.com/jamesjwood/inliner/issues' },
78 silly publish   _id: 'tsuju-inliner@0.1.14',
78 silly publish   dist: { shasum: '792a90ed05ff641d65927561671c6e95a2f0babf' },
78 silly publish   _from: '.' }
79 verbose url raw tsuju-inliner
80 verbose url resolving [ 'http://dev.datatransparency.com:5984/registry/_design/app/_rewrite/',
80 verbose url resolving   './tsuju-inliner' ]
81 verbose url resolved http://dev.datatransparency.com:5984/registry/_design/app/_rewrite/tsuju-inliner
82 info trying registry request attempt 1 at 09:55:41
83 http PUT http://dev.datatransparency.com:5984/registry/_design/app/_rewrite/tsuju-inliner
84 http 409 http://dev.datatransparency.com:5984/registry/_design/app/_rewrite/tsuju-inliner
85 verbose url raw tsuju-inliner
86 verbose url resolving [ 'http://dev.datatransparency.com:5984/registry/_design/app/_rewrite/',
86 verbose url resolving   './tsuju-inliner' ]
87 verbose url resolved http://dev.datatransparency.com:5984/registry/_design/app/_rewrite/tsuju-inliner
88 info trying registry request attempt 1 at 09:55:43
89 http GET http://dev.datatransparency.com:5984/registry/_design/app/_rewrite/tsuju-inliner
90 http 200 http://dev.datatransparency.com:5984/registry/_design/app/_rewrite/tsuju-inliner
91 error publish fail Cannot publish over existing version.
91 error publish fail Update the 'version' field in package.json and try again.
91 error publish fail
91 error publish fail If the previous version was published in error, see:
91 error publish fail     npm help unpublish
91 error publish fail
91 error publish fail To automatically increment version numbers, see:
91 error publish fail     npm help version
92 error System Darwin 13.0.0
93 error command "/usr/local/Cellar/node/0.10.24/bin/node" "/usr/local/bin/npm" "publish"
94 error cwd /Users/jamesjwood/git/tsuju/tsuju-inliner
95 error node -v v0.10.24
96 error npm -v 1.3.21
97 error code EPUBLISHCONFLICT
98 verbose exit [ 1, true ]
